<?xml version="1.0" encoding="UTF-8"?>
<!-- Generated by org.testng.reporters.JUnitXMLReporter -->
<testsuite ignored="5" hostname="Pranab-laptop" failures="0" tests="3" name="regressiontesting" time="29.35" errors="0" timestamp="2020-09-14T06:24:14 PDT">
  <testcase classname="com.candidatepsiexams.testcases.CreateAccount" name="showUIValidations" time="4.215"/>
  <testcase classname="com.candidatepsiexams.testcases.CreateAccount" name="createTheAccount" time="5.929"/>
  <testcase classname="com.candidatepsiexams.testcases.RegisterForExam" name="verifyTestcenterScreen" time="6.792"/>
  <testcase classname="com.candidatepsiexams.reusables.TestNGReusables" name="@BeforeTest setup" time="0.0">
    <ignored/>
  </testcase> <!-- @BeforeTest setup -->
  <testcase classname="com.candidatepsiexams.testcases.CreateAccount" name="checkingforAlreadyExistingAccount" time="0.0">
    <ignored/>
  </testcase> <!-- checkingforAlreadyExistingAccount -->
  <testcase classname="com.candidatepsiexams.testcases.RegisterForExam" name="printingOrganisationNames" time="0.0">
    <ignored/>
  </testcase> <!-- printingOrganisationNames -->
  <testcase classname="com.candidatepsiexams.testcases.RegisterForExam" name="signInToregisterTest" time="0.0">
    <ignored/>
  </testcase> <!-- signInToregisterTest -->
  <testcase classname="com.candidatepsiexams.testcases.CreateAccount" name="passwordRuleMatching" time="0.0">
    <ignored/>
  </testcase> <!-- passwordRuleMatching -->
</testsuite> <!-- regressiontesting -->
